#
# There is insufficient memory for the Java Runtime Environment to continue.
# Native memory allocation (malloc) failed to allocate 1045984 bytes for Chunk::new
# Possible reasons:
#   The system is out of physical RAM or swap space
#   The process is running with CompressedOops enabled, and the Java Heap may be blocking the growth of the native heap
# Possible solutions:
#   Reduce memory load on the system
#   Increase physical memory or swap space
#   Check if swap backing store is full
#   Decrease Java heap size (-Xmx/-Xms)
#   Decrease number of Java threads
#   Decrease Java thread stack sizes (-Xss)
#   Set larger code cache with -XX:ReservedCodeCacheSize=
#   JVM is running with Unscaled Compressed Oops mode in which the Java heap is
#     placed in the first 4GB address space. The Java Heap base address is the
#     maximum limit for the native heap growth. Please use -XX:HeapBaseMinAddress
#     to set the Java Heap base and to place the Java Heap above 4GB virtual address.
# This output file may be truncated or incomplete.
#
#  Out of Memory Error (allocation.cpp:389), pid=7996, tid=0x0000000000001650
#
# JRE version: OpenJDK Runtime Environment (8.0_242-b01) (build 1.8.0_242-release-1644-b01)
# Java VM: OpenJDK 64-Bit Server VM (25.242-b01 mixed mode windows-amd64 compressed oops)
# Failed to write core dump. Minidumps are not enabled by default on client versions of Windows
#

---------------  T H R E A D  ---------------

Current thread (0x0000000017818000):  JavaThread "C2 CompilerThread0" daemon [_thread_in_native, id=5712, stack(0x0000000018e80000,0x0000000018f80000)]

Stack: [0x0000000018e80000,0x0000000018f80000]
[error occurred during error reporting (printing stack bounds), id 0xc0000005]

Native frames: (J=compiled Java code, j=interpreted, Vv=VM code, C=native code)


Current CompileTask:
C2:18349632 39980       4       com.android.ide.common.xml.XmlPrettyPrinter::printOpenElementTag (525 bytes)


---------------  P R O C E S S  ---------------

Java Threads: ( => current thread )
  0x0000000022cff000 JavaThread "WorkerExecutor Queue Thread 2" [_thread_new, id=12364, stack(0x0000000000000000,0x0000000000000000)]
  0x0000000022cfd800 JavaThread "WorkerExecutor Queue" [_thread_in_vm, id=9360, stack(0x00000000278d0000,0x00000000279d0000)]
  0x0000000022cfc000 JavaThread "Cache worker for execution history cache (D:\Android\Projects\chatChat\.gradle\6.1.1\executionHistory)" [_thread_blocked, id=9304, stack(0x0000000027540000,0x0000000027640000)]
  0x0000000022cfb800 JavaThread "Execution worker for ':' Thread 3" [_thread_blocked, id=3884, stack(0x00000000272d0000,0x00000000273d0000)]
  0x0000000022cf4800 JavaThread "Execution worker for ':' Thread 2" [_thread_blocked, id=9696, stack(0x0000000026c70000,0x0000000026d70000)]
  0x0000000022cfa800 JavaThread "Execution worker for ':'" [_thread_blocked, id=6316, stack(0x0000000026b70000,0x0000000026c70000)]
  0x0000000022cf2800 JavaThread "Cache worker for file content cache (D:\Android\Projects\chatChat\.gradle\6.1.1\fileContent)" [_thread_blocked, id=10192, stack(0x0000000026870000,0x0000000026970000)]
  0x0000000022cf7000 JavaThread "Cache worker for Build Output Cleanup Cache (D:\Android\Projects\chatChat\.gradle\buildOutputCleanup)" [_thread_blocked, id=10680, stack(0x0000000026570000,0x0000000026670000)]
  0x0000000022cf5800 JavaThread "pool-211-thread-1" [_thread_blocked, id=6524, stack(0x0000000026270000,0x0000000026370000)]
  0x00000000202fe000 JavaThread "Build operations Thread 4" [_thread_blocked, id=11020, stack(0x0000000025970000,0x0000000025a70000)]
  0x00000000202fd800 JavaThread "Build operations Thread 3" [_thread_blocked, id=3296, stack(0x00000000253e0000,0x00000000254e0000)]
  0x00000000202fc800 JavaThread "Build operations Thread 2" [_thread_blocked, id=9336, stack(0x0000000023870000,0x0000000023970000)]
  0x00000000202f5000 JavaThread "Build operations" [_thread_blocked, id=14300, stack(0x00000000210a0000,0x00000000211a0000)]
  0x00000000202fc000 JavaThread "Cache worker for cache directory md-rule (C:\Users\Tien Toan\.gradle\caches\6.1.1\md-rule)" [_thread_blocked, id=2792, stack(0x000000001fd90000,0x000000001fe90000)]
  0x00000000202f3800 JavaThread "Cache worker for cache directory md-supplier (C:\Users\Tien Toan\.gradle\caches\6.1.1\md-supplier)" [_thread_blocked, id=12380, stack(0x000000001d0f0000,0x000000001d1f0000)]
  0x00000000202f9800 JavaThread "Cache worker for file hash cache (D:\Android\Projects\chatChat\.gradle\6.1.1\fileHashes)" [_thread_blocked, id=12616, stack(0x000000001cff0000,0x000000001d0f0000)]
  0x00000000202fa800 JavaThread "Cache worker for checksums cache (D:\Android\Projects\chatChat\.gradle\checksums)" [_thread_blocked, id=12660, stack(0x000000001cef0000,0x000000001cff0000)]
  0x00000000202f2000 JavaThread "Thread-1940" [_thread_blocked, id=2220, stack(0x000000001cdf0000,0x000000001cef0000)]
  0x00000000202f9000 JavaThread "Stdin handler" [_thread_blocked, id=1788, stack(0x000000001ccf0000,0x000000001cdf0000)]
  0x00000000202f0000 JavaThread "Asynchronous log dispatcher for DefaultDaemonConnection: socket connection from /127.0.0.1:50798 to /127.0.0.1:56720" [_thread_blocked, id=2676, stack(0x000000001c9f0000,0x000000001caf0000)]
  0x00000000202f1800 JavaThread "Cancel handler" [_thread_blocked, id=9588, stack(0x0000000000f90000,0x0000000001090000)]
  0x00000000202f6800 JavaThread "Handler for socket connection from /127.0.0.1:50798 to /127.0.0.1:56720" [_thread_in_native, id=10936, stack(0x0000000000e90000,0x0000000000f90000)]
  0x00000000226f7000 JavaThread "ForkJoinPool.commonPool-worker-3" daemon [_thread_blocked, id=1972, stack(0x000000002ff90000,0x0000000030090000)]
  0x00000000202ef000 JavaThread "Daemon worker Thread 45" [_thread_blocked, id=1184, stack(0x000000001c8f0000,0x000000001c9f0000)]
  0x000000001b68c000 JavaThread "Daemon Thread 45" [_thread_blocked, id=13568, stack(0x0000000000d90000,0x0000000000e90000)]
  0x0000000022d01800 JavaThread "Cache worker for Java compile cache (C:\Users\Tien Toan\.gradle\caches\6.1.1\javaCompile)" [_thread_blocked, id=1776, stack(0x00000000271d0000,0x00000000272d0000)]
  0x0000000022cfd000 JavaThread "MarlinRenderer Disposer" daemon [_thread_blocked, id=2648, stack(0x00000000270d0000,0x00000000271d0000)]
  0x0000000022cf3000 JavaThread "Java2D Disposer" daemon [_thread_blocked, id=2432, stack(0x0000000026f70000,0x0000000027070000)]
  0x00000000226f5800 JavaThread "Cache worker for file content cache (C:\Users\Tien Toan\.gradle\caches\6.1.1\fileContent)" [_thread_blocked, id=9944, stack(0x0000000024870000,0x0000000024970000)]
  0x00000000226f8000 JavaThread "Memory manager" [_thread_blocked, id=9784, stack(0x0000000023d70000,0x0000000023e70000)]
  0x000000001b68f000 JavaThread "Cache worker for execution history cache (C:\Users\Tien Toan\.gradle\caches\6.1.1\executionHistory)" [_thread_blocked, id=3116, stack(0x00000000211a0000,0x00000000212a0000)]
  0x000000001b68b800 JavaThread "Cache worker for file hash cache (C:\Users\Tien Toan\.gradle\caches\6.1.1\fileHashes)" [_thread_blocked, id=7236, stack(0x000000001d5f0000,0x000000001d6f0000)]
  0x000000001b68e800 JavaThread "File lock request listener" [_thread_in_native, id=2104, stack(0x000000001d4f0000,0x000000001d5f0000)]
  0x000000001b4c1000 JavaThread "Cache worker for journal cache (C:\Users\Tien Toan\.gradle\caches\journal-1)" [_thread_blocked, id=12048, stack(0x000000001d3f0000,0x000000001d4f0000)]
  0x000000001b4b2000 JavaThread "Daemon periodic checks" [_thread_blocked, id=6320, stack(0x000000001c7f0000,0x000000001c8f0000)]
  0x000000001b4b1000 JavaThread "Incoming local TCP Connector on port 50798" [_thread_in_native, id=556, stack(0x0000000019880000,0x0000000019980000)]
  0x000000001b0b1000 JavaThread "Daemon health stats" [_thread_blocked, id=9620, stack(0x0000000019780000,0x0000000019880000)]
  0x00000000191ab000 JavaThread "Service Thread" daemon [_thread_blocked, id=1760, stack(0x0000000019580000,0x0000000019680000)]
  0x0000000017825000 JavaThread "C1 CompilerThread2" daemon [_thread_in_vm, id=808, stack(0x0000000019080000,0x0000000019180000)]
  0x0000000017821000 JavaThread "C2 CompilerThread1" daemon [_thread_in_vm, id=5672, stack(0x0000000018f80000,0x0000000019080000)]
=>0x0000000017818000 JavaThread "C2 CompilerThread0" daemon [_thread_in_native, id=5712, stack(0x0000000018e80000,0x0000000018f80000)]
  0x0000000017813800 JavaThread "Attach Listener" daemon [_thread_blocked, id=8488, stack(0x0000000018d80000,0x0000000018e80000)]
  0x0000000017812800 JavaThread "Signal Dispatcher" daemon [_thread_blocked, id=2736, stack(0x0000000018c80000,0x0000000018d80000)]
  0x0000000002beb000 JavaThread "Finalizer" daemon [_thread_blocked, id=8096, stack(0x0000000018a80000,0x0000000018b80000)]
  0x0000000002be1000 JavaThread "Reference Handler" daemon [_thread_blocked, id=3528, stack(0x0000000018980000,0x0000000018a80000)]
  0x0000000002aee800 JavaThread "main" [_thread_blocked, id=7364, stack(0x00000000028f0000,0x00000000029f0000)]

Other Threads:
  0x00000000177d6800 VMThread [stack: 0x0000000018880000,0x0000000018980000] [id=10808]
  0x00000000191b3800 WatcherThread [stack: 0x0000000019680000,0x0000000019780000] [id=11212]

VM state:not at safepoint (normal execution)

VM Mutex/Monitor currently owned by a thread:  ([mutex/lock_event])
[0x0000000002aec5e0] CodeCache_lock - owner thread: 0x0000000017825000

heap address: 0x0000000080000000, size: 2048 MB, Compressed Oops mode: 32-bit
Narrow klass base: 0x0000000000000000, Narrow klass shift: 3
Compressed class space size: 1073741824 Address: 0x0000000100000000

Heap:
 PSYoungGen      total 544256K, used 418299K [0x00000000d5580000, 0x0000000100000000, 0x0000000100000000)
  eden space 426496K, 70% used [0x00000000d5580000,0x00000000e7b32368,0x00000000ef600000)
  from space 117760K, 99% used [0x00000000ef600000,0x00000000f68ccad8,0x00000000f6900000)
  to   space 154112K, 0% used [0x00000000f6980000,0x00000000f6980000,0x0000000100000000)
 ParOldGen       total 238080K, used 200738K [0x0000000080000000, 0x000000008e880000, 0x00000000d5580000)
  object space 238080K, 84% used [0x0000000080000000,0x000000008c408858,0x000000008e880000)
 Metaspace       used 117532K, capacity 125632K, committed 126104K, reserved 1159168K
  class space    used 14521K, capacity 15907K, committed 16280K, reserved 1048576K

Card table byte_map: [0x0000000011fb0000,0x00000000123c0000] byte_map_base: 0x0000000011bb0000

Marking Bits: (ParMarkBitMap*) 0x000000005aa1f030
 Begin Bits: [0x0000000012a70000, 0x0000000014a70000)
 End Bits:   [0x0000000014a70000, 0x0000000016a70000)

Polling page: 0x0000000000b80000

CodeCache: size=245760Kb used=104421Kb max_used=104485Kb free=141338Kb
 bounds [0x0000000002bf0000, 0x0000000009320000, 0x0000000011bf0000]
 total_blobs=29310 nmethods=28243 adapters=977
 compilation: enabled

Compilation events (10 events):
Event: 18348.845 Thread 0x0000000017821000 nmethod 39974 0x0000000005fea150 code [0x0000000005fea280, 0x0000000005fea2f8]
Event: 18348.845 Thread 0x0000000017825000 39978       3       com.sun.org.apache.xerces.internal.dom.ElementImpl::removeAttributeNS (67 bytes)
Event: 18348.846 Thread 0x0000000017825000 nmethod 39978 0x00000000070ac310 code [0x00000000070ac4e0, 0x00000000070accb8]
Event: 18348.847 Thread 0x0000000017821000 39977       4       com.android.ide.common.xml.XmlPrettyPrinter::visitNode (124 bytes)
Event: 18348.896 Thread 0x0000000017818000 nmethod 39975 0x00000000050e6ad0 code [0x00000000050e6ce0, 0x00000000050e82e8]
Event: 18348.903 Thread 0x0000000017818000 39980       4       com.android.ide.common.xml.XmlPrettyPrinter::printOpenElementTag (525 bytes)
Event: 18349.106 Thread 0x0000000017825000 39981       3       org.gradle.api.internal.project.taskfactory.AbstractIncrementalTaskAction::clearInputChanges (6 bytes)
Event: 18349.107 Thread 0x0000000017825000 nmethod 39981 0x0000000005031f10 code [0x0000000005032060, 0x00000000050321d0]
Event: 18349.466 Thread 0x0000000017821000 nmethod 39977 0x00000000092ffed0 code [0x0000000009300640, 0x0000000009309788]
Event: 18349.473 Thread 0x0000000017821000 39976       4       com.android.ide.common.xml.XmlPrettyPrinter::visitAfterChildren (46 bytes)

GC Heap History (10 events):
Event: 18316.273 GC heap before
{Heap before GC invocations=127 (full 8):
 PSYoungGen      total 552448K, used 525686K [0x00000000d5580000, 0x0000000100000000, 0x0000000100000000)
  eden space 430592K, 100% used [0x00000000d5580000,0x00000000efa00000,0x00000000efa00000)
  from space 121856K, 78% used [0x00000000f8900000,0x00000000fe5dd930,0x0000000100000000)
  to   space 134144K, 0% used [0x00000000efa00000,0x00000000efa00000,0x00000000f7d00000)
 ParOldGen       total 238080K, used 159095K [0x0000000080000000, 0x000000008e880000, 0x00000000d5580000)
  object space 238080K, 66% used [0x0000000080000000,0x0000000089b5de48,0x000000008e880000)
 Metaspace       used 117425K, capacity 125494K, committed 126104K, reserved 1159168K
  class space    used 14519K, capacity 15906K, committed 16280K, reserved 1048576K
Event: 18316.292 GC heap after
Heap after GC invocations=127 (full 8):
 PSYoungGen      total 564736K, used 20874K [0x00000000d5580000, 0x0000000100000000, 0x0000000100000000)
  eden space 430592K, 0% used [0x00000000d5580000,0x00000000d5580000,0x00000000efa00000)
  from space 134144K, 15% used [0x00000000efa00000,0x00000000f0e62930,0x00000000f7d00000)
  to   space 129536K, 0% used [0x00000000f8180000,0x00000000f8180000,0x0000000100000000)
 ParOldGen       total 238080K, used 159159K [0x0000000080000000, 0x000000008e880000, 0x00000000d5580000)
  object space 238080K, 66% used [0x0000000080000000,0x0000000089b6de48,0x000000008e880000)
 Metaspace       used 117425K, capacity 125494K, committed 126104K, reserved 1159168K
  class space    used 14519K, capacity 15906K, committed 16280K, reserved 1048576K
}
Event: 18325.748 GC heap before
{Heap before GC invocations=128 (full 8):
 PSYoungGen      total 564736K, used 451466K [0x00000000d5580000, 0x0000000100000000, 0x0000000100000000)
  eden space 430592K, 100% used [0x00000000d5580000,0x00000000efa00000,0x00000000efa00000)
  from space 134144K, 15% used [0x00000000efa00000,0x00000000f0e62930,0x00000000f7d00000)
  to   space 129536K, 0% used [0x00000000f8180000,0x00000000f8180000,0x0000000100000000)
 ParOldGen       total 238080K, used 159159K [0x0000000080000000, 0x000000008e880000, 0x00000000d5580000)
  object space 238080K, 66% used [0x0000000080000000,0x0000000089b6de48,0x000000008e880000)
 Metaspace       used 117474K, capacity 125494K, committed 126104K, reserved 1159168K
  class space    used 14519K, capacity 15906K, committed 16280K, reserved 1048576K
Event: 18325.863 GC heap after
Heap after GC invocations=128 (full 8):
 PSYoungGen      total 555008K, used 5715K [0x00000000d5580000, 0x00000000ff680000, 0x0000000100000000)
  eden space 435200K, 0% used [0x00000000d5580000,0x00000000d5580000,0x00000000efe80000)
  from space 119808K, 4% used [0x00000000f8180000,0x00000000f8714d98,0x00000000ff680000)
  to   space 126976K, 0% used [0x00000000efe80000,0x00000000efe80000,0x00000000f7a80000)
 ParOldGen       total 238080K, used 168008K [0x0000000080000000, 0x000000008e880000, 0x00000000d5580000)
  object space 238080K, 70% used [0x0000000080000000,0x000000008a412000,0x000000008e880000)
 Metaspace       used 117474K, capacity 125494K, committed 126104K, reserved 1159168K
  class space    used 14519K, capacity 15906K, committed 16280K, reserved 1048576K
}
Event: 18329.306 GC heap before
{Heap before GC invocations=129 (full 8):
 PSYoungGen      total 555008K, used 440395K [0x00000000d5580000, 0x00000000ff680000, 0x0000000100000000)
  eden space 435200K, 99% used [0x00000000d5580000,0x00000000efdfdff8,0x00000000efe80000)
  from space 119808K, 4% used [0x00000000f8180000,0x00000000f8714d98,0x00000000ff680000)
  to   space 126976K, 0% used [0x00000000efe80000,0x00000000efe80000,0x00000000f7a80000)
 ParOldGen       total 238080K, used 168008K [0x0000000080000000, 0x000000008e880000, 0x00000000d5580000)
  object space 238080K, 70% used [0x0000000080000000,0x000000008a412000,0x000000008e880000)
 Metaspace       used 117515K, capacity 125564K, committed 126104K, reserved 1159168K
  class space    used 14520K, capacity 15907K, committed 16280K, reserved 1048576K
Event: 18329.339 GC heap after
Heap after GC invocations=129 (full 8):
 PSYoungGen      total 562176K, used 23004K [0x00000000d5580000, 0x00000000ffc00000, 0x0000000100000000)
  eden space 435200K, 0% used [0x00000000d5580000,0x00000000d5580000,0x00000000efe80000)
  from space 126976K, 18% used [0x00000000efe80000,0x00000000f14f7160,0x00000000f7a80000)
  to   space 121344K, 0% used [0x00000000f8580000,0x00000000f8580000,0x00000000ffc00000)
 ParOldGen       total 238080K, used 169548K [0x0000000080000000, 0x000000008e880000, 0x00000000d5580000)
  object space 238080K, 71% used [0x0000000080000000,0x000000008a593018,0x000000008e880000)
 Metaspace       used 117515K, capacity 125564K, committed 126104K, reserved 1159168K
  class space    used 14520K, capacity 15907K, committed 16280K, reserved 1048576K
}
Event: 18331.304 GC heap before
{Heap before GC invocations=130 (full 8):
 PSYoungGen      total 562176K, used 458204K [0x00000000d5580000, 0x00000000ffc00000, 0x0000000100000000)
  eden space 435200K, 100% used [0x00000000d5580000,0x00000000efe80000,0x00000000efe80000)
  from space 126976K, 18% used [0x00000000efe80000,0x00000000f14f7160,0x00000000f7a80000)
  to   space 121344K, 0% used [0x00000000f8580000,0x00000000f8580000,0x00000000ffc00000)
 ParOldGen       total 238080K, used 169548K [0x0000000080000000, 0x000000008e880000, 0x00000000d5580000)
  object space 238080K, 71% used [0x0000000080000000,0x000000008a593018,0x000000008e880000)
 Metaspace       used 117516K, capacity 125564K, committed 126104K, reserved 1159168K
  class space    used 14520K, capacity 15907K, committed 16280K, reserved 1048576K
Event: 18331.560 GC heap after
Heap after GC invocations=130 (full 8):
 PSYoungGen      total 547840K, used 101033K [0x00000000d5580000, 0x0000000100000000, 0x0000000100000000)
  eden space 426496K, 0% used [0x00000000d5580000,0x00000000d5580000,0x00000000ef600000)
  from space 121344K, 83% used [0x00000000f8580000,0x00000000fe82a758,0x00000000ffc00000)
  to   space 136192K, 0% used [0x00000000ef600000,0x00000000ef600000,0x00000000f7b00000)
 ParOldGen       total 238080K, used 181480K [0x0000000080000000, 0x000000008e880000, 0x00000000d5580000)
  object space 238080K, 76% used [0x0000000080000000,0x000000008b13a3d8,0x000000008e880000)
 Metaspace       used 117516K, capacity 125564K, committed 126104K, reserved 1159168K
  class space    used 14520K, capacity 15907K, committed 16280K, reserved 1048576K
}
Event: 18341.078 GC heap before
{Heap before GC invocations=131 (full 8):
 PSYoungGen      total 547840K, used 527529K [0x00000000d5580000, 0x0000000100000000, 0x0000000100000000)
  eden space 426496K, 100% used [0x00000000d5580000,0x00000000ef600000,0x00000000ef600000)
  from space 121344K, 83% used [0x00000000f8580000,0x00000000fe82a758,0x00000000ffc00000)
  to   space 136192K, 0% used [0x00000000ef600000,0x00000000ef600000,0x00000000f7b00000)
 ParOldGen       total 238080K, used 181480K [0x0000000080000000, 0x000000008e880000, 0x00000000d5580000)
  object space 238080K, 76% used [0x0000000080000000,0x000000008b13a3d8,0x000000008e880000)
 Metaspace       used 117522K, capacity 125628K, committed 126104K, reserved 1159168K
  class space    used 14520K, capacity 15907K, committed 16280K, reserved 1048576K
Event: 18341.382 GC heap after
Heap after GC invocations=131 (full 8):
 PSYoungGen      total 544256K, used 117554K [0x00000000d5580000, 0x0000000100000000, 0x0000000100000000)
  eden space 426496K, 0% used [0x00000000d5580000,0x00000000d5580000,0x00000000ef600000)
  from space 117760K, 99% used [0x00000000ef600000,0x00000000f68ccad8,0x00000000f6900000)
  to   space 154112K, 0% used [0x00000000f6980000,0x00000000f6980000,0x0000000100000000)
 ParOldGen       total 238080K, used 200738K [0x0000000080000000, 0x000000008e880000, 0x00000000d5580000)
  object space 238080K, 84% used [0x0000000080000000,0x000000008c408858,0x000000008e880000)
 Metaspace       used 117522K, capacity 125628K, committed 126104K, reserved 1159168K
  class space    used 14520K, capacity 15907K, committed 16280K, reserved 1048576K
}

Deoptimization events (10 events):
Event: 17968.678 Thread 0x0000000022cfb800 Uncommon trap: reason=speculate_class_check action=maybe_recompile pc=0x00000000077ac398 method=com.sun.tools.javac.tree.JCTree.hasTag(Lcom/sun/tools/javac/tree/JCTree$Tag;)Z @ 2
Event: 18048.124 Thread 0x0000000002be1000 Uncommon trap: reason=unstable_if action=reinterpret pc=0x0000000008cefb74 method=sun.misc.Cleaner.remove(Lsun/misc/Cleaner;)Z @ 5
Event: 18150.987 Thread 0x0000000022cfd800 Uncommon trap: reason=bimorphic action=maybe_recompile pc=0x0000000003bd9d84 method=com.google.gson.stream.JsonWriter.close(IILjava/lang/String;)Lcom/google/gson/stream/JsonWriter; @ 90
Event: 18164.138 Thread 0x0000000022cfb800 Uncommon trap: reason=speculate_class_check action=maybe_recompile pc=0x00000000077ac398 method=com.sun.tools.javac.tree.JCTree.hasTag(Lcom/sun/tools/javac/tree/JCTree$Tag;)Z @ 2
Event: 18166.738 Thread 0x00000000226f7000 Uncommon trap: reason=class_check action=maybe_recompile pc=0x00000000058bf174 method=com.android.builder.merge.LazyIncrementalFileMergerInput.getFileStatus(Ljava/lang/String;)Lcom/android/ide/common/resources/FileStatus; @ 31
Event: 18315.914 Thread 0x00000000202f9800 Uncommon trap: reason=bimorphic action=maybe_recompile pc=0x0000000003bd9d84 method=com.google.gson.stream.JsonWriter.close(IILjava/lang/String;)Lcom/google/gson/stream/JsonWriter; @ 90
Event: 18319.090 Thread 0x00000000202f1800 Uncommon trap: reason=null_check action=make_not_entrant pc=0x00000000090bc034 method=com.android.ide.common.xml.XmlAttributeSortOrder$1.compare(Lorg/w3c/dom/Attr;Lorg/w3c/dom/Attr;)I @ 18
Event: 18326.546 Thread 0x00000000202f2000 Uncommon trap: reason=speculate_class_check action=maybe_recompile pc=0x00000000077ac398 method=com.sun.tools.javac.tree.JCTree.hasTag(Lcom/sun/tools/javac/tree/JCTree$Tag;)Z @ 2
Event: 18328.933 Thread 0x000000001bdbc000 Uncommon trap: reason=class_check action=maybe_recompile pc=0x00000000058bf174 method=com.android.builder.merge.LazyIncrementalFileMergerInput.getFileStatus(Ljava/lang/String;)Lcom/android/ide/common/resources/FileStatus; @ 31
Event: 18348.844 Thread 0x0000000022cfa800 Uncommon trap: reason=null_check action=make_not_entrant pc=0x000000000922a5e0 method=com.android.ide.common.xml.XmlAttributeSortOrder$1.compare(Lorg/w3c/dom/Attr;Lorg/w3c/dom/Attr;)I @ 28

Classes redefined (0 events):
No events

Internal exceptions (10 events):
Event: 18328.373 Thread 0x00000000226fa000 Exception <a 'sun/nio/fs/WindowsException'> (0x00000000e6b3b508) thrown at [C:\src\AOSP-openjdk-git\hotspot\src\share\vm\prims\jni.cpp, line 710]
Event: 18329.302 Thread 0x00000000202f9800 Exception <a 'sun/nio/fs/WindowsException'> (0x00000000ef9eedd0) thrown at [C:\src\AOSP-openjdk-git\hotspot\src\share\vm\prims\jni.cpp, line 710]
Event: 18332.071 Thread 0x00000000226f3800 Exception <a 'sun/nio/fs/WindowsException'> (0x00000000d8c476d8) thrown at [C:\src\AOSP-openjdk-git\hotspot\src\share\vm\prims\jni.cpp, line 710]
Event: 18339.340 Thread 0x00000000226f8800 Exception <a 'sun/nio/fs/WindowsException'> (0x00000000d96b1ea8) thrown at [C:\src\AOSP-openjdk-git\hotspot\src\share\vm\prims\jni.cpp, line 710]
Event: 18341.892 Thread 0x00000000226f7000 Exception <a 'sun/nio/fs/WindowsException'> (0x00000000d979e350) thrown at [C:\src\AOSP-openjdk-git\hotspot\src\share\vm\prims\jni.cpp, line 710]
Event: 18342.003 Thread 0x000000001bdbc000 Exception <a 'sun/nio/fs/WindowsException'> (0x00000000da0ac118) thrown at [C:\src\AOSP-openjdk-git\hotspot\src\share\vm\prims\jni.cpp, line 710]
Event: 18342.003 Thread 0x000000001bdbc000 Exception <a 'sun/nio/fs/WindowsException'> (0x00000000da0ac5c0) thrown at [C:\src\AOSP-openjdk-git\hotspot\src\share\vm\prims\jni.cpp, line 710]
Event: 18342.548 Thread 0x00000000202ef000 Exception <a 'sun/nio/fs/WindowsException'> (0x00000000d9b04510) thrown at [C:\src\AOSP-openjdk-git\hotspot\src\share\vm\prims\jni.cpp, line 710]
Event: 18347.018 Thread 0x00000000202ef000 Exception <a 'sun/nio/fs/WindowsException'> (0x00000000dd63d2c0) thrown at [C:\src\AOSP-openjdk-git\hotspot\src\share\vm\prims\jni.cpp, line 710]
Event: 18348.844 Thread 0x0000000022cfa800 Implicit null exception at 0x0000000009229c0d to 0x000000000922a5d5

Events (10 events):
Event: 18349.451 Executing VM operation: RevokeBias done
Event: 18349.453 Executing VM operation: RevokeBias
Event: 18349.453 Executing VM operation: RevokeBias done
Event: 18349.454 Executing VM operation: RevokeBias
Event: 18349.454 Executing VM operation: RevokeBias done
Event: 18349.469 Thread 0x0000000017821000 flushing nmethod 0x0000000007f8a550
Event: 18349.549 Executing VM operation: RevokeBias
Event: 18349.557 Executing VM operation: RevokeBias done
Event: 18349.561 Thread 0x0000000022cfd800 Thread added: 0x0000000022cfd800
Event: 18349.561 Thread 0x0000000022cff000 Thread added: 0x0000000022cff000


Dynamic libraries:
0x00007ff738a70000 - 0x00007ff738aa1000 	D:\Android\Android Studio\jre\bin\java.exe
0x00007ff8c6290000 - 0x00007ff8c6486000 	C:\WINDOWS\SYSTEM32\ntdll.dll
0x00007ff8c4770000 - 0x00007ff8c482d000 	C:\WINDOWS\System32\KERNEL32.DLL
0x00007ff8c3e50000 - 0x00007ff8c4119000 	C:\WINDOWS\System32\KERNELBASE.dll
0x00007ff8c61a0000 - 0x00007ff8c624c000 	C:\WINDOWS\System32\ADVAPI32.dll
0x00007ff8c6100000 - 0x00007ff8c619e000 	C:\WINDOWS\System32\msvcrt.dll
0x00007ff8c4b40000 - 0x00007ff8c4bdc000 	C:\WINDOWS\System32\sechost.dll
0x00007ff8c5fd0000 - 0x00007ff8c60fb000 	C:\WINDOWS\System32\RPCRT4.dll
0x00007ff8c49a0000 - 0x00007ff8c4b40000 	C:\WINDOWS\System32\USER32.dll
0x00007ff8c3c30000 - 0x00007ff8c3c52000 	C:\WINDOWS\System32\win32u.dll
0x00007ff8c4970000 - 0x00007ff8c499a000 	C:\WINDOWS\System32\GDI32.dll
0x00007ff8c3cc0000 - 0x00007ff8c3dcb000 	C:\WINDOWS\System32\gdi32full.dll
0x00007ff8c4250000 - 0x00007ff8c42ed000 	C:\WINDOWS\System32\msvcp_win.dll
0x00007ff8c39d0000 - 0x00007ff8c3ad0000 	C:\WINDOWS\System32\ucrtbase.dll
0x00007ff8a3700000 - 0x00007ff8a399b000 	C:\WINDOWS\WinSxS\amd64_microsoft.windows.common-controls_6595b64144ccf1df_6.0.19041.746_none_ca02b4b61b8320a4\COMCTL32.dll
0x00007ff8c5d50000 - 0x00007ff8c5d80000 	C:\WINDOWS\System32\IMM32.DLL
0x000000005a170000 - 0x000000005a242000 	D:\Android\Android Studio\jre\jre\bin\msvcr100.dll
0x000000005a250000 - 0x000000005aa9b000 	D:\Android\Android Studio\jre\jre\bin\server\jvm.dll
0x00007ff8c5820000 - 0x00007ff8c5828000 	C:\WINDOWS\System32\PSAPI.DLL
0x00007ff8bd9e0000 - 0x00007ff8bd9ea000 	C:\WINDOWS\SYSTEM32\VERSION.dll
0x00007ff8b4a40000 - 0x00007ff8b4a67000 	C:\WINDOWS\SYSTEM32\WINMM.dll
0x00007ff8b0f80000 - 0x00007ff8b0f89000 	C:\WINDOWS\SYSTEM32\WSOCK32.dll
0x00007ff8c48e0000 - 0x00007ff8c494b000 	C:\WINDOWS\System32\WS2_32.dll
0x00007ff8bef80000 - 0x00007ff8bef8f000 	D:\Android\Android Studio\jre\jre\bin\verify.dll
0x00007ff8bc870000 - 0x00007ff8bc899000 	D:\Android\Android Studio\jre\jre\bin\java.dll
0x00007ff8be2e0000 - 0x00007ff8be2f6000 	D:\Android\Android Studio\jre\jre\bin\zip.dll
0x00007ff8c5050000 - 0x00007ff8c5792000 	C:\WINDOWS\System32\SHELL32.dll
0x00007ff8c1810000 - 0x00007ff8c1fa0000 	C:\WINDOWS\SYSTEM32\windows.storage.dll
0x00007ff8c42f0000 - 0x00007ff8c4646000 	C:\WINDOWS\System32\combase.dll
0x00007ff8c3360000 - 0x00007ff8c338c000 	C:\WINDOWS\SYSTEM32\Wldp.dll
0x00007ff8c4830000 - 0x00007ff8c48de000 	C:\WINDOWS\System32\SHCORE.dll
0x00007ff8c4650000 - 0x00007ff8c46a5000 	C:\WINDOWS\System32\shlwapi.dll
0x00007ff8c3900000 - 0x00007ff8c3926000 	C:\WINDOWS\SYSTEM32\profapi.dll
0x00007ff8bc450000 - 0x00007ff8bc46a000 	D:\Android\Android Studio\jre\jre\bin\net.dll
0x00007ff8c30e0000 - 0x00007ff8c314a000 	C:\WINDOWS\system32\mswsock.dll
0x00007ff8bc3e0000 - 0x00007ff8bc3f3000 	D:\Android\Android Studio\jre\jre\bin\nio.dll
0x00007ff8b37e0000 - 0x00007ff8b3806000 	C:\Users\Tien Toan\.gradle\native\31\windows-amd64\native-platform.dll
0x00007ff8bef70000 - 0x00007ff8bef7d000 	D:\Android\Android Studio\jre\jre\bin\management.dll
0x00007ff8c32c0000 - 0x00007ff8c32d8000 	C:\WINDOWS\SYSTEM32\CRYPTSP.dll
0x00007ff8c2a80000 - 0x00007ff8c2ab4000 	C:\WINDOWS\system32\rsaenh.dll
0x00007ff8c3e20000 - 0x00007ff8c3e47000 	C:\WINDOWS\System32\bcrypt.dll
0x00007ff8c38c0000 - 0x00007ff8c38ee000 	C:\WINDOWS\SYSTEM32\USERENV.dll
0x00007ff8c41d0000 - 0x00007ff8c4250000 	C:\WINDOWS\System32\bcryptprimitives.dll
0x00007ff8c32b0000 - 0x00007ff8c32bc000 	C:\WINDOWS\SYSTEM32\CRYPTBASE.dll
0x00007ff8c2dd0000 - 0x00007ff8c2e0b000 	C:\WINDOWS\SYSTEM32\IPHLPAPI.DLL
0x00007ff8c5d80000 - 0x00007ff8c5d88000 	C:\WINDOWS\System32\NSI.dll
0x00007ff8bbb80000 - 0x00007ff8bbb97000 	C:\WINDOWS\SYSTEM32\dhcpcsvc6.DLL
0x00007ff8ba860000 - 0x00007ff8ba87d000 	C:\WINDOWS\SYSTEM32\dhcpcsvc.DLL
0x00007ff8c2e10000 - 0x00007ff8c2edb000 	C:\WINDOWS\SYSTEM32\DNSAPI.dll
0x00007ff8b3220000 - 0x00007ff8b3244000 	D:\Android\Android Studio\jre\jre\bin\sunec.dll
0x00007ff8ba8e0000 - 0x00007ff8ba8ea000 	C:\Windows\System32\rasadhlp.dll
0x00007ff8b56d0000 - 0x00007ff8b574f000 	C:\WINDOWS\System32\fwpuclnt.dll
0x00007ff8bc440000 - 0x00007ff8bc44b000 	D:\Android\Android Studio\jre\jre\bin\sunmscapi.dll
0x00007ff8c3ad0000 - 0x00007ff8c3c26000 	C:\WINDOWS\System32\CRYPT32.dll
0x00007ff885580000 - 0x00007ff88571c000 	D:\Android\Android Studio\jre\jre\bin\awt.dll
0x00007ff8c5e70000 - 0x00007ff8c5f3d000 	C:\WINDOWS\System32\OLEAUT32.dll
0x00007ff8c1280000 - 0x00007ff8c12af000 	C:\WINDOWS\SYSTEM32\dwmapi.dll
0x00007ff8bfa70000 - 0x00007ff8c0030000 	C:\WINDOWS\SYSTEM32\d2d1.dll
0x00007ff8c0d10000 - 0x00007ff8c0da0000 	C:\WINDOWS\SYSTEM32\apphelp.dll
0x00007ff8c10b0000 - 0x00007ff8c114e000 	C:\WINDOWS\system32\uxtheme.dll

VM Arguments:
jvm_args: -Xmx2048m -Dfile.encoding=windows-1252 -Duser.country=US -Duser.language=en -Duser.variant 
java_command: org.gradle.launcher.daemon.bootstrap.GradleDaemon 6.1.1
java_class_path (initial): C:\Users\Tien Toan\.gradle\wrapper\dists\gradle-6.1.1-all\cfmwm155h49vnt3hynmlrsdst\gradle-6.1.1\lib\gradle-launcher-6.1.1.jar
Launcher Type: SUN_STANDARD

Environment Variables:
JAVA_HOME=C:\Program Files\Java\jdk1.8.0_191
PATH=C:\Program Files (x86)\VMware\VMware Workstation\bin\;C:\Program Files (x86)\Common Files\Oracle\Java\javapath;C:\WINDOWS\system32;C:\WINDOWS;C:\WINDOWS\System32\Wbem;C:\WINDOWS\System32\WindowsPowerShell\v1.0\;C:\WINDOWS\System32\OpenSSH\;C:\Program Files\Azure Data Studio\bin;C:\Program Files (x86)\Microsoft SQL Server\150\DTS\Binn\;C:\Program Files\Microsoft SQL Server\Client SDK\ODBC\170\Tools\Binn\;C:\Program Files (x86)\Microsoft SQL Server\150\Tools\Binn\;C:\Program Files\Microsoft SQL Server\150\Tools\Binn\;C:\Program Files\Microsoft SQL Server\150\DTS\Binn\;C:\Program Files\dotnet\;C:\Program Files\Microsoft SQL Server\130\Tools\Binn\;C:\apache-maven-3.6.0\bin;C:\Users\Tien Toan\AppData\Local\Programs\Python\Python39\Scripts\;C:\Users\Tien Toan\AppData\Local\Programs\Python\Python39\;C:\Users\Tien Toan\AppData\Local\Microsoft\WindowsApps;;C:\Users\Tien Toan\AppData\Local\Programs\Microsoft VS Code\bin;C:\Program Files\Azure Data Studio\bin;C:\Users\Tien Toan\.dotnet\tools;C:\Program Files\JetBrains\PyCharm Community Edition 2020.3.2\bin;
USERNAME=Tien Toan
OS=Windows_NT
PROCESSOR_IDENTIFIER=Intel64 Family 6 Model 78 Stepping 3, GenuineIntel



---------------  S Y S T E M  ---------------

OS: Windows 10.0 , 64 bit Build 19041 (10.0.19041.804)

CPU:total 4 (initial active 4) (2 cores per cpu, 2 threads per core) family 6 model 78 stepping 3, cmov, cx8, fxsr, mmx, sse, sse2, sse3, ssse3, sse4.1, sse4.2, popcnt, avx, avx2, aes, clmul, erms, rtm, 3dnowpref, lzcnt, ht, tsc, tscinvbit, bmi1, bmi2, adx

Memory: 4k page, physical 8246432k(574024k free), swap 12440736k(6624k free)

vm_info: OpenJDK 64-Bit Server VM (25.242-b01) for windows-amd64 JRE (1.8.0_242-release-1644-b01), built by "builder" with MS VC++ 10.0 (VS2010)

time: Fri Mar 05 17:46:58 2021
timezone: SE Asia Standard Time
elapsed time: 18349 seconds (0d 5h 5m 49s)

